
> todo_ui@0.1.0 dev
> next dev

   ▲ Next.js 15.5.6
   - Local:        http://localhost:3000
   - Network:      http://10.255.255.254:3000
   - Environments: .env.local
   - Experiments (use with caution):
     ✓ webpackBuildWorker

 ✓ Starting...
 ✓ Ready in 21.8s
 ○ Compiling /middleware ...
 ✓ Compiled /middleware in 1049ms (247 modules)
[33m[auth][warn][debug-enabled][0m Read more: https://warnings.authjs.dev
 ○ Compiling / ...
Request timed out after 3000ms

Retrying 1/3...
socket hang up

Retrying 1/3...
 ✓ Compiled / in 26.6s (906 modules)
 ✓ Compiled in 4.1s (354 modules)
 GET / 200 in 30865ms
 ✓ Compiled in 351ms (339 modules)
 GET / 200 in 622ms
 ○ Compiling /api/auth/[...nextauth] ...
 ✓ Compiled /api/auth/[...nextauth] in 2.5s (1027 modules)
[33m[auth][warn][debug-enabled][0m Read more: https://warnings.authjs.dev
 GET /api/auth/session 200 in 13820ms
 GET /api/auth/session 200 in 164ms
